+ = new feature, b = bug, r = refactoring
v = visual, d = documentation, t = test



Version 0.0.1:
    +: pwncrack plugin
    +: tablev0 config to disable duplicates
    +: regex serach for ESSIDs
    +: source order
    +: global config
    +: wigle - add time, check only older_than
    +: add source on/off and source order in menu
    +: example for tablev0
    +: global config to start position on the map

    r: add _ to private methods
    r: delete TABLE_NAME, use SOURCE_NAME
    r: python type control

    b: handshake broken permissions
    b: change example plugin and add description to README

    t: add git hook for simple unit tests


Version 0.0.0:
It works! somehow...
